Command: /home/users9/ma747863/526LSP22/Lab9/./simv -l lab9.log
Chronologic VCS simulator copyright 1991-2017
Contains Synopsys proprietary information.
Compiler version N-2017.12-SP2-2_Full64; Runtime version N-2017.12-SP2-2_Full64;  May 21 21:46 2022
VCD+ Writer N-2017.12-SP2-2_Full64 Copyright (c) 1991-2017 by Synopsys Inc.
0: clk: 0, rst_n: 1, wr_en: 0, rd_en: 0, data_in: 0, data_out: x, count: x, empty: x, almostEmpty: x, full: x, almostFull: x, overflow: x, underflow: x, valid: x
5: clk: 1, rst_n: 1, wr_en: 0, rd_en: 0, data_in: 0, data_out: x, count: 0, empty: 1, almostEmpty: 0, full: 0, almostFull: 0, overflow: 0, underflow: 0, valid: 0
 
Count is Behaving Correctly
Write to all Memory Locations
10: clk: 0, rst_n: 0, wr_en: 1, rd_en: 0, data_in: 1, data_out: x, count: 0, empty: 1, almostEmpty: 0, full: 0, almostFull: 0, overflow: 0, underflow: 0, valid: 0
15: clk: 1, rst_n: 0, wr_en: 1, rd_en: 0, data_in: 1, data_out: x, count: 1, empty: 0, almostEmpty: 1, full: 0, almostFull: 0, overflow: 0, underflow: 0, valid: 0
20: clk: 0, rst_n: 0, wr_en: 1, rd_en: 0, data_in: 2, data_out: x, count: 1, empty: 0, almostEmpty: 1, full: 0, almostFull: 0, overflow: 0, underflow: 0, valid: 0
25: clk: 1, rst_n: 0, wr_en: 1, rd_en: 0, data_in: 2, data_out: x, count: 2, empty: 0, almostEmpty: 1, full: 0, almostFull: 0, overflow: 0, underflow: 0, valid: 0
30: clk: 0, rst_n: 0, wr_en: 1, rd_en: 0, data_in: 3, data_out: x, count: 2, empty: 0, almostEmpty: 1, full: 0, almostFull: 0, overflow: 0, underflow: 0, valid: 0
35: clk: 1, rst_n: 0, wr_en: 1, rd_en: 0, data_in: 3, data_out: x, count: 3, empty: 0, almostEmpty: 0, full: 0, almostFull: 0, overflow: 0, underflow: 0, valid: 0
40: clk: 0, rst_n: 0, wr_en: 1, rd_en: 0, data_in: 4, data_out: x, count: 3, empty: 0, almostEmpty: 0, full: 0, almostFull: 0, overflow: 0, underflow: 0, valid: 0
45: clk: 1, rst_n: 0, wr_en: 1, rd_en: 0, data_in: 4, data_out: x, count: 4, empty: 0, almostEmpty: 0, full: 0, almostFull: 0, overflow: 0, underflow: 0, valid: 0
50: clk: 0, rst_n: 0, wr_en: 1, rd_en: 0, data_in: 5, data_out: x, count: 4, empty: 0, almostEmpty: 0, full: 0, almostFull: 0, overflow: 0, underflow: 0, valid: 0
55: clk: 1, rst_n: 0, wr_en: 1, rd_en: 0, data_in: 5, data_out: x, count: 5, empty: 0, almostEmpty: 0, full: 0, almostFull: 0, overflow: 0, underflow: 0, valid: 0
60: clk: 0, rst_n: 0, wr_en: 1, rd_en: 0, data_in: 6, data_out: x, count: 5, empty: 0, almostEmpty: 0, full: 0, almostFull: 0, overflow: 0, underflow: 0, valid: 0
65: clk: 1, rst_n: 0, wr_en: 1, rd_en: 0, data_in: 6, data_out: x, count: 6, empty: 0, almostEmpty: 0, full: 0, almostFull: 0, overflow: 0, underflow: 0, valid: 0
70: clk: 0, rst_n: 0, wr_en: 1, rd_en: 0, data_in: 7, data_out: x, count: 6, empty: 0, almostEmpty: 0, full: 0, almostFull: 0, overflow: 0, underflow: 0, valid: 0
75: clk: 1, rst_n: 0, wr_en: 1, rd_en: 0, data_in: 7, data_out: x, count: 7, empty: 0, almostEmpty: 0, full: 0, almostFull: 0, overflow: 0, underflow: 0, valid: 0
80: clk: 0, rst_n: 0, wr_en: 1, rd_en: 0, data_in: 8, data_out: x, count: 7, empty: 0, almostEmpty: 0, full: 0, almostFull: 0, overflow: 0, underflow: 0, valid: 0
85: clk: 1, rst_n: 0, wr_en: 1, rd_en: 0, data_in: 8, data_out: x, count: 8, empty: 0, almostEmpty: 0, full: 0, almostFull: 0, overflow: 0, underflow: 0, valid: 0
90: clk: 0, rst_n: 0, wr_en: 1, rd_en: 0, data_in: 9, data_out: x, count: 8, empty: 0, almostEmpty: 0, full: 0, almostFull: 0, overflow: 0, underflow: 0, valid: 0
95: clk: 1, rst_n: 0, wr_en: 1, rd_en: 0, data_in: 9, data_out: x, count: 9, empty: 0, almostEmpty: 0, full: 0, almostFull: 0, overflow: 0, underflow: 0, valid: 0
100: clk: 0, rst_n: 0, wr_en: 1, rd_en: 0, data_in: 10, data_out: x, count: 9, empty: 0, almostEmpty: 0, full: 0, almostFull: 0, overflow: 0, underflow: 0, valid: 0
105: clk: 1, rst_n: 0, wr_en: 1, rd_en: 0, data_in: 10, data_out: x, count: 10, empty: 0, almostEmpty: 0, full: 0, almostFull: 0, overflow: 0, underflow: 0, valid: 0
110: clk: 0, rst_n: 0, wr_en: 1, rd_en: 0, data_in: 11, data_out: x, count: 10, empty: 0, almostEmpty: 0, full: 0, almostFull: 0, overflow: 0, underflow: 0, valid: 0
115: clk: 1, rst_n: 0, wr_en: 1, rd_en: 0, data_in: 11, data_out: x, count: 11, empty: 0, almostEmpty: 0, full: 0, almostFull: 0, overflow: 0, underflow: 0, valid: 0
120: clk: 0, rst_n: 0, wr_en: 1, rd_en: 0, data_in: 12, data_out: x, count: 11, empty: 0, almostEmpty: 0, full: 0, almostFull: 0, overflow: 0, underflow: 0, valid: 0
125: clk: 1, rst_n: 0, wr_en: 1, rd_en: 0, data_in: 12, data_out: x, count: 12, empty: 0, almostEmpty: 0, full: 0, almostFull: 0, overflow: 0, underflow: 0, valid: 0
130: clk: 0, rst_n: 0, wr_en: 1, rd_en: 0, data_in: 13, data_out: x, count: 12, empty: 0, almostEmpty: 0, full: 0, almostFull: 0, overflow: 0, underflow: 0, valid: 0
135: clk: 1, rst_n: 0, wr_en: 1, rd_en: 0, data_in: 13, data_out: x, count: 13, empty: 0, almostEmpty: 0, full: 0, almostFull: 0, overflow: 0, underflow: 0, valid: 0
140: clk: 0, rst_n: 0, wr_en: 1, rd_en: 0, data_in: 14, data_out: x, count: 13, empty: 0, almostEmpty: 0, full: 0, almostFull: 0, overflow: 0, underflow: 0, valid: 0
145: clk: 1, rst_n: 0, wr_en: 1, rd_en: 0, data_in: 14, data_out: x, count: 14, empty: 0, almostEmpty: 0, full: 0, almostFull: 0, overflow: 0, underflow: 0, valid: 0
150: clk: 0, rst_n: 0, wr_en: 1, rd_en: 0, data_in: 15, data_out: x, count: 14, empty: 0, almostEmpty: 0, full: 0, almostFull: 0, overflow: 0, underflow: 0, valid: 0
155: clk: 1, rst_n: 0, wr_en: 1, rd_en: 0, data_in: 15, data_out: x, count: 15, empty: 0, almostEmpty: 0, full: 0, almostFull: 0, overflow: 0, underflow: 0, valid: 0
160: clk: 0, rst_n: 0, wr_en: 1, rd_en: 0, data_in: 16, data_out: x, count: 15, empty: 0, almostEmpty: 0, full: 0, almostFull: 0, overflow: 0, underflow: 0, valid: 0
165: clk: 1, rst_n: 0, wr_en: 1, rd_en: 0, data_in: 16, data_out: x, count: 16, empty: 0, almostEmpty: 0, full: 0, almostFull: 0, overflow: 0, underflow: 0, valid: 0
170: clk: 0, rst_n: 0, wr_en: 1, rd_en: 0, data_in: 17, data_out: x, count: 16, empty: 0, almostEmpty: 0, full: 0, almostFull: 0, overflow: 0, underflow: 0, valid: 0
175: clk: 1, rst_n: 0, wr_en: 1, rd_en: 0, data_in: 17, data_out: x, count: 17, empty: 0, almostEmpty: 0, full: 0, almostFull: 0, overflow: 0, underflow: 0, valid: 0
180: clk: 0, rst_n: 0, wr_en: 1, rd_en: 0, data_in: 18, data_out: x, count: 17, empty: 0, almostEmpty: 0, full: 0, almostFull: 0, overflow: 0, underflow: 0, valid: 0
185: clk: 1, rst_n: 0, wr_en: 1, rd_en: 0, data_in: 18, data_out: x, count: 18, empty: 0, almostEmpty: 0, full: 0, almostFull: 0, overflow: 0, underflow: 0, valid: 0
190: clk: 0, rst_n: 0, wr_en: 1, rd_en: 0, data_in: 19, data_out: x, count: 18, empty: 0, almostEmpty: 0, full: 0, almostFull: 0, overflow: 0, underflow: 0, valid: 0
195: clk: 1, rst_n: 0, wr_en: 1, rd_en: 0, data_in: 19, data_out: x, count: 19, empty: 0, almostEmpty: 0, full: 0, almostFull: 0, overflow: 0, underflow: 0, valid: 0
200: clk: 0, rst_n: 0, wr_en: 1, rd_en: 0, data_in: 20, data_out: x, count: 19, empty: 0, almostEmpty: 0, full: 0, almostFull: 0, overflow: 0, underflow: 0, valid: 0
205: clk: 1, rst_n: 0, wr_en: 1, rd_en: 0, data_in: 20, data_out: x, count: 20, empty: 0, almostEmpty: 0, full: 0, almostFull: 0, overflow: 0, underflow: 0, valid: 0
210: clk: 0, rst_n: 0, wr_en: 1, rd_en: 0, data_in: 21, data_out: x, count: 20, empty: 0, almostEmpty: 0, full: 0, almostFull: 0, overflow: 0, underflow: 0, valid: 0
215: clk: 1, rst_n: 0, wr_en: 1, rd_en: 0, data_in: 21, data_out: x, count: 21, empty: 0, almostEmpty: 0, full: 0, almostFull: 0, overflow: 0, underflow: 0, valid: 0
220: clk: 0, rst_n: 0, wr_en: 1, rd_en: 0, data_in: 22, data_out: x, count: 21, empty: 0, almostEmpty: 0, full: 0, almostFull: 0, overflow: 0, underflow: 0, valid: 0
225: clk: 1, rst_n: 0, wr_en: 1, rd_en: 0, data_in: 22, data_out: x, count: 22, empty: 0, almostEmpty: 0, full: 0, almostFull: 0, overflow: 0, underflow: 0, valid: 0
230: clk: 0, rst_n: 0, wr_en: 1, rd_en: 0, data_in: 23, data_out: x, count: 22, empty: 0, almostEmpty: 0, full: 0, almostFull: 0, overflow: 0, underflow: 0, valid: 0
235: clk: 1, rst_n: 0, wr_en: 1, rd_en: 0, data_in: 23, data_out: x, count: 23, empty: 0, almostEmpty: 0, full: 0, almostFull: 0, overflow: 0, underflow: 0, valid: 0
240: clk: 0, rst_n: 0, wr_en: 1, rd_en: 0, data_in: 24, data_out: x, count: 23, empty: 0, almostEmpty: 0, full: 0, almostFull: 0, overflow: 0, underflow: 0, valid: 0
245: clk: 1, rst_n: 0, wr_en: 1, rd_en: 0, data_in: 24, data_out: x, count: 24, empty: 0, almostEmpty: 0, full: 0, almostFull: 0, overflow: 0, underflow: 0, valid: 0
250: clk: 0, rst_n: 0, wr_en: 1, rd_en: 0, data_in: 25, data_out: x, count: 24, empty: 0, almostEmpty: 0, full: 0, almostFull: 0, overflow: 0, underflow: 0, valid: 0
255: clk: 1, rst_n: 0, wr_en: 1, rd_en: 0, data_in: 25, data_out: x, count: 25, empty: 0, almostEmpty: 0, full: 0, almostFull: 0, overflow: 0, underflow: 0, valid: 0
260: clk: 0, rst_n: 0, wr_en: 1, rd_en: 0, data_in: 26, data_out: x, count: 25, empty: 0, almostEmpty: 0, full: 0, almostFull: 0, overflow: 0, underflow: 0, valid: 0
265: clk: 1, rst_n: 0, wr_en: 1, rd_en: 0, data_in: 26, data_out: x, count: 26, empty: 0, almostEmpty: 0, full: 0, almostFull: 0, overflow: 0, underflow: 0, valid: 0
270: clk: 0, rst_n: 0, wr_en: 1, rd_en: 0, data_in: 27, data_out: x, count: 26, empty: 0, almostEmpty: 0, full: 0, almostFull: 0, overflow: 0, underflow: 0, valid: 0
275: clk: 1, rst_n: 0, wr_en: 1, rd_en: 0, data_in: 27, data_out: x, count: 27, empty: 0, almostEmpty: 0, full: 0, almostFull: 0, overflow: 0, underflow: 0, valid: 0
280: clk: 0, rst_n: 0, wr_en: 1, rd_en: 0, data_in: 28, data_out: x, count: 27, empty: 0, almostEmpty: 0, full: 0, almostFull: 0, overflow: 0, underflow: 0, valid: 0
285: clk: 1, rst_n: 0, wr_en: 1, rd_en: 0, data_in: 28, data_out: x, count: 28, empty: 0, almostEmpty: 0, full: 0, almostFull: 0, overflow: 0, underflow: 0, valid: 0
290: clk: 0, rst_n: 0, wr_en: 1, rd_en: 0, data_in: 29, data_out: x, count: 28, empty: 0, almostEmpty: 0, full: 0, almostFull: 0, overflow: 0, underflow: 0, valid: 0
295: clk: 1, rst_n: 0, wr_en: 1, rd_en: 0, data_in: 29, data_out: x, count: 29, empty: 0, almostEmpty: 0, full: 0, almostFull: 0, overflow: 0, underflow: 0, valid: 0
300: clk: 0, rst_n: 0, wr_en: 1, rd_en: 0, data_in: 30, data_out: x, count: 29, empty: 0, almostEmpty: 0, full: 0, almostFull: 0, overflow: 0, underflow: 0, valid: 0
305: clk: 1, rst_n: 0, wr_en: 1, rd_en: 0, data_in: 30, data_out: x, count: 30, empty: 0, almostEmpty: 0, full: 0, almostFull: 1, overflow: 0, underflow: 0, valid: 0
310: clk: 0, rst_n: 0, wr_en: 1, rd_en: 0, data_in: 31, data_out: x, count: 30, empty: 0, almostEmpty: 0, full: 0, almostFull: 1, overflow: 0, underflow: 0, valid: 0
315: clk: 1, rst_n: 0, wr_en: 1, rd_en: 0, data_in: 31, data_out: x, count: 31, empty: 0, almostEmpty: 0, full: 0, almostFull: 1, overflow: 0, underflow: 0, valid: 0
320: clk: 0, rst_n: 0, wr_en: 1, rd_en: 0, data_in: 32, data_out: x, count: 31, empty: 0, almostEmpty: 0, full: 0, almostFull: 1, overflow: 0, underflow: 0, valid: 0
325: clk: 1, rst_n: 0, wr_en: 1, rd_en: 0, data_in: 32, data_out: x, count: 32, empty: 0, almostEmpty: 0, full: 1, almostFull: 0, overflow: 0, underflow: 0, valid: 0
 
Read to all Memory Locations
330: clk: 0, rst_n: 0, wr_en: 0, rd_en: 1, data_in: 33, data_out: x, count: 32, empty: 0, almostEmpty: 0, full: 1, almostFull: 0, overflow: 0, underflow: 0, valid: 0
335: clk: 1, rst_n: 0, wr_en: 0, rd_en: 1, data_in: 33, data_out: 1, count: 31, empty: 0, almostEmpty: 0, full: 0, almostFull: 1, overflow: 0, underflow: 0, valid: 1
340: clk: 0, rst_n: 0, wr_en: 0, rd_en: 1, data_in: 34, data_out: 1, count: 31, empty: 0, almostEmpty: 0, full: 0, almostFull: 1, overflow: 0, underflow: 0, valid: 1
345: clk: 1, rst_n: 0, wr_en: 0, rd_en: 1, data_in: 34, data_out: 2, count: 30, empty: 0, almostEmpty: 0, full: 0, almostFull: 1, overflow: 0, underflow: 0, valid: 1
350: clk: 0, rst_n: 0, wr_en: 0, rd_en: 1, data_in: 35, data_out: 2, count: 30, empty: 0, almostEmpty: 0, full: 0, almostFull: 1, overflow: 0, underflow: 0, valid: 1
355: clk: 1, rst_n: 0, wr_en: 0, rd_en: 1, data_in: 35, data_out: 3, count: 29, empty: 0, almostEmpty: 0, full: 0, almostFull: 0, overflow: 0, underflow: 0, valid: 1
360: clk: 0, rst_n: 0, wr_en: 0, rd_en: 1, data_in: 36, data_out: 3, count: 29, empty: 0, almostEmpty: 0, full: 0, almostFull: 0, overflow: 0, underflow: 0, valid: 1
365: clk: 1, rst_n: 0, wr_en: 0, rd_en: 1, data_in: 36, data_out: 4, count: 28, empty: 0, almostEmpty: 0, full: 0, almostFull: 0, overflow: 0, underflow: 0, valid: 1
370: clk: 0, rst_n: 0, wr_en: 0, rd_en: 1, data_in: 37, data_out: 4, count: 28, empty: 0, almostEmpty: 0, full: 0, almostFull: 0, overflow: 0, underflow: 0, valid: 1
375: clk: 1, rst_n: 0, wr_en: 0, rd_en: 1, data_in: 37, data_out: 5, count: 27, empty: 0, almostEmpty: 0, full: 0, almostFull: 0, overflow: 0, underflow: 0, valid: 1
380: clk: 0, rst_n: 0, wr_en: 0, rd_en: 1, data_in: 38, data_out: 5, count: 27, empty: 0, almostEmpty: 0, full: 0, almostFull: 0, overflow: 0, underflow: 0, valid: 1
385: clk: 1, rst_n: 0, wr_en: 0, rd_en: 1, data_in: 38, data_out: 6, count: 26, empty: 0, almostEmpty: 0, full: 0, almostFull: 0, overflow: 0, underflow: 0, valid: 1
390: clk: 0, rst_n: 0, wr_en: 0, rd_en: 1, data_in: 39, data_out: 6, count: 26, empty: 0, almostEmpty: 0, full: 0, almostFull: 0, overflow: 0, underflow: 0, valid: 1
395: clk: 1, rst_n: 0, wr_en: 0, rd_en: 1, data_in: 39, data_out: 7, count: 25, empty: 0, almostEmpty: 0, full: 0, almostFull: 0, overflow: 0, underflow: 0, valid: 1
400: clk: 0, rst_n: 0, wr_en: 0, rd_en: 1, data_in: 40, data_out: 7, count: 25, empty: 0, almostEmpty: 0, full: 0, almostFull: 0, overflow: 0, underflow: 0, valid: 1
405: clk: 1, rst_n: 0, wr_en: 0, rd_en: 1, data_in: 40, data_out: 8, count: 24, empty: 0, almostEmpty: 0, full: 0, almostFull: 0, overflow: 0, underflow: 0, valid: 1
410: clk: 0, rst_n: 0, wr_en: 0, rd_en: 1, data_in: 41, data_out: 8, count: 24, empty: 0, almostEmpty: 0, full: 0, almostFull: 0, overflow: 0, underflow: 0, valid: 1
415: clk: 1, rst_n: 0, wr_en: 0, rd_en: 1, data_in: 41, data_out: 9, count: 23, empty: 0, almostEmpty: 0, full: 0, almostFull: 0, overflow: 0, underflow: 0, valid: 1
420: clk: 0, rst_n: 0, wr_en: 0, rd_en: 1, data_in: 42, data_out: 9, count: 23, empty: 0, almostEmpty: 0, full: 0, almostFull: 0, overflow: 0, underflow: 0, valid: 1
425: clk: 1, rst_n: 0, wr_en: 0, rd_en: 1, data_in: 42, data_out: 10, count: 22, empty: 0, almostEmpty: 0, full: 0, almostFull: 0, overflow: 0, underflow: 0, valid: 1
430: clk: 0, rst_n: 0, wr_en: 0, rd_en: 1, data_in: 43, data_out: 10, count: 22, empty: 0, almostEmpty: 0, full: 0, almostFull: 0, overflow: 0, underflow: 0, valid: 1
435: clk: 1, rst_n: 0, wr_en: 0, rd_en: 1, data_in: 43, data_out: 11, count: 21, empty: 0, almostEmpty: 0, full: 0, almostFull: 0, overflow: 0, underflow: 0, valid: 1
440: clk: 0, rst_n: 0, wr_en: 0, rd_en: 1, data_in: 44, data_out: 11, count: 21, empty: 0, almostEmpty: 0, full: 0, almostFull: 0, overflow: 0, underflow: 0, valid: 1
445: clk: 1, rst_n: 0, wr_en: 0, rd_en: 1, data_in: 44, data_out: 12, count: 20, empty: 0, almostEmpty: 0, full: 0, almostFull: 0, overflow: 0, underflow: 0, valid: 1
450: clk: 0, rst_n: 0, wr_en: 0, rd_en: 1, data_in: 45, data_out: 12, count: 20, empty: 0, almostEmpty: 0, full: 0, almostFull: 0, overflow: 0, underflow: 0, valid: 1
455: clk: 1, rst_n: 0, wr_en: 0, rd_en: 1, data_in: 45, data_out: 13, count: 19, empty: 0, almostEmpty: 0, full: 0, almostFull: 0, overflow: 0, underflow: 0, valid: 1
460: clk: 0, rst_n: 0, wr_en: 0, rd_en: 1, data_in: 46, data_out: 13, count: 19, empty: 0, almostEmpty: 0, full: 0, almostFull: 0, overflow: 0, underflow: 0, valid: 1
465: clk: 1, rst_n: 0, wr_en: 0, rd_en: 1, data_in: 46, data_out: 14, count: 18, empty: 0, almostEmpty: 0, full: 0, almostFull: 0, overflow: 0, underflow: 0, valid: 1
470: clk: 0, rst_n: 0, wr_en: 0, rd_en: 1, data_in: 47, data_out: 14, count: 18, empty: 0, almostEmpty: 0, full: 0, almostFull: 0, overflow: 0, underflow: 0, valid: 1
475: clk: 1, rst_n: 0, wr_en: 0, rd_en: 1, data_in: 47, data_out: 15, count: 17, empty: 0, almostEmpty: 0, full: 0, almostFull: 0, overflow: 0, underflow: 0, valid: 1
480: clk: 0, rst_n: 0, wr_en: 0, rd_en: 1, data_in: 48, data_out: 15, count: 17, empty: 0, almostEmpty: 0, full: 0, almostFull: 0, overflow: 0, underflow: 0, valid: 1
485: clk: 1, rst_n: 0, wr_en: 0, rd_en: 1, data_in: 48, data_out: 16, count: 16, empty: 0, almostEmpty: 0, full: 0, almostFull: 0, overflow: 0, underflow: 0, valid: 1
490: clk: 0, rst_n: 0, wr_en: 0, rd_en: 1, data_in: 49, data_out: 16, count: 16, empty: 0, almostEmpty: 0, full: 0, almostFull: 0, overflow: 0, underflow: 0, valid: 1
495: clk: 1, rst_n: 0, wr_en: 0, rd_en: 1, data_in: 49, data_out: 17, count: 15, empty: 0, almostEmpty: 0, full: 0, almostFull: 0, overflow: 0, underflow: 0, valid: 1
500: clk: 0, rst_n: 0, wr_en: 0, rd_en: 1, data_in: 50, data_out: 17, count: 15, empty: 0, almostEmpty: 0, full: 0, almostFull: 0, overflow: 0, underflow: 0, valid: 1
505: clk: 1, rst_n: 0, wr_en: 0, rd_en: 1, data_in: 50, data_out: 18, count: 14, empty: 0, almostEmpty: 0, full: 0, almostFull: 0, overflow: 0, underflow: 0, valid: 1
510: clk: 0, rst_n: 0, wr_en: 0, rd_en: 1, data_in: 51, data_out: 18, count: 14, empty: 0, almostEmpty: 0, full: 0, almostFull: 0, overflow: 0, underflow: 0, valid: 1
515: clk: 1, rst_n: 0, wr_en: 0, rd_en: 1, data_in: 51, data_out: 19, count: 13, empty: 0, almostEmpty: 0, full: 0, almostFull: 0, overflow: 0, underflow: 0, valid: 1
520: clk: 0, rst_n: 0, wr_en: 0, rd_en: 1, data_in: 52, data_out: 19, count: 13, empty: 0, almostEmpty: 0, full: 0, almostFull: 0, overflow: 0, underflow: 0, valid: 1
525: clk: 1, rst_n: 0, wr_en: 0, rd_en: 1, data_in: 52, data_out: 20, count: 12, empty: 0, almostEmpty: 0, full: 0, almostFull: 0, overflow: 0, underflow: 0, valid: 1
530: clk: 0, rst_n: 0, wr_en: 0, rd_en: 1, data_in: 53, data_out: 20, count: 12, empty: 0, almostEmpty: 0, full: 0, almostFull: 0, overflow: 0, underflow: 0, valid: 1
535: clk: 1, rst_n: 0, wr_en: 0, rd_en: 1, data_in: 53, data_out: 21, count: 11, empty: 0, almostEmpty: 0, full: 0, almostFull: 0, overflow: 0, underflow: 0, valid: 1
540: clk: 0, rst_n: 0, wr_en: 0, rd_en: 1, data_in: 54, data_out: 21, count: 11, empty: 0, almostEmpty: 0, full: 0, almostFull: 0, overflow: 0, underflow: 0, valid: 1
545: clk: 1, rst_n: 0, wr_en: 0, rd_en: 1, data_in: 54, data_out: 22, count: 10, empty: 0, almostEmpty: 0, full: 0, almostFull: 0, overflow: 0, underflow: 0, valid: 1
550: clk: 0, rst_n: 0, wr_en: 0, rd_en: 1, data_in: 55, data_out: 22, count: 10, empty: 0, almostEmpty: 0, full: 0, almostFull: 0, overflow: 0, underflow: 0, valid: 1
555: clk: 1, rst_n: 0, wr_en: 0, rd_en: 1, data_in: 55, data_out: 23, count: 9, empty: 0, almostEmpty: 0, full: 0, almostFull: 0, overflow: 0, underflow: 0, valid: 1
560: clk: 0, rst_n: 0, wr_en: 0, rd_en: 1, data_in: 56, data_out: 23, count: 9, empty: 0, almostEmpty: 0, full: 0, almostFull: 0, overflow: 0, underflow: 0, valid: 1
565: clk: 1, rst_n: 0, wr_en: 0, rd_en: 1, data_in: 56, data_out: 24, count: 8, empty: 0, almostEmpty: 0, full: 0, almostFull: 0, overflow: 0, underflow: 0, valid: 1
570: clk: 0, rst_n: 0, wr_en: 0, rd_en: 1, data_in: 57, data_out: 24, count: 8, empty: 0, almostEmpty: 0, full: 0, almostFull: 0, overflow: 0, underflow: 0, valid: 1
575: clk: 1, rst_n: 0, wr_en: 0, rd_en: 1, data_in: 57, data_out: 25, count: 7, empty: 0, almostEmpty: 0, full: 0, almostFull: 0, overflow: 0, underflow: 0, valid: 1
580: clk: 0, rst_n: 0, wr_en: 0, rd_en: 1, data_in: 58, data_out: 25, count: 7, empty: 0, almostEmpty: 0, full: 0, almostFull: 0, overflow: 0, underflow: 0, valid: 1
585: clk: 1, rst_n: 0, wr_en: 0, rd_en: 1, data_in: 58, data_out: 26, count: 6, empty: 0, almostEmpty: 0, full: 0, almostFull: 0, overflow: 0, underflow: 0, valid: 1
590: clk: 0, rst_n: 0, wr_en: 0, rd_en: 1, data_in: 59, data_out: 26, count: 6, empty: 0, almostEmpty: 0, full: 0, almostFull: 0, overflow: 0, underflow: 0, valid: 1
595: clk: 1, rst_n: 0, wr_en: 0, rd_en: 1, data_in: 59, data_out: 27, count: 5, empty: 0, almostEmpty: 0, full: 0, almostFull: 0, overflow: 0, underflow: 0, valid: 1
600: clk: 0, rst_n: 0, wr_en: 0, rd_en: 1, data_in: 60, data_out: 27, count: 5, empty: 0, almostEmpty: 0, full: 0, almostFull: 0, overflow: 0, underflow: 0, valid: 1
605: clk: 1, rst_n: 0, wr_en: 0, rd_en: 1, data_in: 60, data_out: 28, count: 4, empty: 0, almostEmpty: 0, full: 0, almostFull: 0, overflow: 0, underflow: 0, valid: 1
610: clk: 0, rst_n: 0, wr_en: 0, rd_en: 1, data_in: 61, data_out: 28, count: 4, empty: 0, almostEmpty: 0, full: 0, almostFull: 0, overflow: 0, underflow: 0, valid: 1
615: clk: 1, rst_n: 0, wr_en: 0, rd_en: 1, data_in: 61, data_out: 29, count: 3, empty: 0, almostEmpty: 0, full: 0, almostFull: 0, overflow: 0, underflow: 0, valid: 1
620: clk: 0, rst_n: 0, wr_en: 0, rd_en: 1, data_in: 62, data_out: 29, count: 3, empty: 0, almostEmpty: 0, full: 0, almostFull: 0, overflow: 0, underflow: 0, valid: 1
625: clk: 1, rst_n: 0, wr_en: 0, rd_en: 1, data_in: 62, data_out: 30, count: 2, empty: 0, almostEmpty: 1, full: 0, almostFull: 0, overflow: 0, underflow: 0, valid: 1
630: clk: 0, rst_n: 0, wr_en: 0, rd_en: 1, data_in: 63, data_out: 30, count: 2, empty: 0, almostEmpty: 1, full: 0, almostFull: 0, overflow: 0, underflow: 0, valid: 1
635: clk: 1, rst_n: 0, wr_en: 0, rd_en: 1, data_in: 63, data_out: 31, count: 1, empty: 0, almostEmpty: 1, full: 0, almostFull: 0, overflow: 0, underflow: 0, valid: 1
640: clk: 0, rst_n: 0, wr_en: 0, rd_en: 1, data_in: 64, data_out: 31, count: 1, empty: 0, almostEmpty: 1, full: 0, almostFull: 0, overflow: 0, underflow: 0, valid: 1
645: clk: 1, rst_n: 0, wr_en: 0, rd_en: 1, data_in: 64, data_out: 32, count: 0, empty: 1, almostEmpty: 0, full: 0, almostFull: 0, overflow: 0, underflow: 0, valid: 1
 
Simultaneous Read and Write in the Middle.
Write for next 16 Clock Cycles
650: clk: 0, rst_n: 0, wr_en: 1, rd_en: 0, data_in: 65, data_out: 32, count: 0, empty: 1, almostEmpty: 0, full: 0, almostFull: 0, overflow: 0, underflow: 0, valid: 1
655: clk: 1, rst_n: 0, wr_en: 1, rd_en: 0, data_in: 65, data_out: 32, count: 1, empty: 0, almostEmpty: 1, full: 0, almostFull: 0, overflow: 0, underflow: 0, valid: 1
660: clk: 0, rst_n: 0, wr_en: 1, rd_en: 0, data_in: 66, data_out: 32, count: 1, empty: 0, almostEmpty: 1, full: 0, almostFull: 0, overflow: 0, underflow: 0, valid: 1
665: clk: 1, rst_n: 0, wr_en: 1, rd_en: 0, data_in: 66, data_out: 32, count: 2, empty: 0, almostEmpty: 1, full: 0, almostFull: 0, overflow: 0, underflow: 0, valid: 1
670: clk: 0, rst_n: 0, wr_en: 1, rd_en: 0, data_in: 67, data_out: 32, count: 2, empty: 0, almostEmpty: 1, full: 0, almostFull: 0, overflow: 0, underflow: 0, valid: 1
675: clk: 1, rst_n: 0, wr_en: 1, rd_en: 0, data_in: 67, data_out: 32, count: 3, empty: 0, almostEmpty: 0, full: 0, almostFull: 0, overflow: 0, underflow: 0, valid: 1
680: clk: 0, rst_n: 0, wr_en: 1, rd_en: 0, data_in: 68, data_out: 32, count: 3, empty: 0, almostEmpty: 0, full: 0, almostFull: 0, overflow: 0, underflow: 0, valid: 1
685: clk: 1, rst_n: 0, wr_en: 1, rd_en: 0, data_in: 68, data_out: 32, count: 4, empty: 0, almostEmpty: 0, full: 0, almostFull: 0, overflow: 0, underflow: 0, valid: 1
690: clk: 0, rst_n: 0, wr_en: 1, rd_en: 0, data_in: 69, data_out: 32, count: 4, empty: 0, almostEmpty: 0, full: 0, almostFull: 0, overflow: 0, underflow: 0, valid: 1
695: clk: 1, rst_n: 0, wr_en: 1, rd_en: 0, data_in: 69, data_out: 32, count: 5, empty: 0, almostEmpty: 0, full: 0, almostFull: 0, overflow: 0, underflow: 0, valid: 1
700: clk: 0, rst_n: 0, wr_en: 1, rd_en: 0, data_in: 70, data_out: 32, count: 5, empty: 0, almostEmpty: 0, full: 0, almostFull: 0, overflow: 0, underflow: 0, valid: 1
705: clk: 1, rst_n: 0, wr_en: 1, rd_en: 0, data_in: 70, data_out: 32, count: 6, empty: 0, almostEmpty: 0, full: 0, almostFull: 0, overflow: 0, underflow: 0, valid: 1
710: clk: 0, rst_n: 0, wr_en: 1, rd_en: 0, data_in: 71, data_out: 32, count: 6, empty: 0, almostEmpty: 0, full: 0, almostFull: 0, overflow: 0, underflow: 0, valid: 1
715: clk: 1, rst_n: 0, wr_en: 1, rd_en: 0, data_in: 71, data_out: 32, count: 7, empty: 0, almostEmpty: 0, full: 0, almostFull: 0, overflow: 0, underflow: 0, valid: 1
720: clk: 0, rst_n: 0, wr_en: 1, rd_en: 0, data_in: 72, data_out: 32, count: 7, empty: 0, almostEmpty: 0, full: 0, almostFull: 0, overflow: 0, underflow: 0, valid: 1
725: clk: 1, rst_n: 0, wr_en: 1, rd_en: 0, data_in: 72, data_out: 32, count: 8, empty: 0, almostEmpty: 0, full: 0, almostFull: 0, overflow: 0, underflow: 0, valid: 1
730: clk: 0, rst_n: 0, wr_en: 1, rd_en: 0, data_in: 73, data_out: 32, count: 8, empty: 0, almostEmpty: 0, full: 0, almostFull: 0, overflow: 0, underflow: 0, valid: 1
735: clk: 1, rst_n: 0, wr_en: 1, rd_en: 0, data_in: 73, data_out: 32, count: 9, empty: 0, almostEmpty: 0, full: 0, almostFull: 0, overflow: 0, underflow: 0, valid: 1
740: clk: 0, rst_n: 0, wr_en: 1, rd_en: 0, data_in: 74, data_out: 32, count: 9, empty: 0, almostEmpty: 0, full: 0, almostFull: 0, overflow: 0, underflow: 0, valid: 1
745: clk: 1, rst_n: 0, wr_en: 1, rd_en: 0, data_in: 74, data_out: 32, count: 10, empty: 0, almostEmpty: 0, full: 0, almostFull: 0, overflow: 0, underflow: 0, valid: 1
750: clk: 0, rst_n: 0, wr_en: 1, rd_en: 0, data_in: 75, data_out: 32, count: 10, empty: 0, almostEmpty: 0, full: 0, almostFull: 0, overflow: 0, underflow: 0, valid: 1
755: clk: 1, rst_n: 0, wr_en: 1, rd_en: 0, data_in: 75, data_out: 32, count: 11, empty: 0, almostEmpty: 0, full: 0, almostFull: 0, overflow: 0, underflow: 0, valid: 1
760: clk: 0, rst_n: 0, wr_en: 1, rd_en: 0, data_in: 76, data_out: 32, count: 11, empty: 0, almostEmpty: 0, full: 0, almostFull: 0, overflow: 0, underflow: 0, valid: 1
765: clk: 1, rst_n: 0, wr_en: 1, rd_en: 0, data_in: 76, data_out: 32, count: 12, empty: 0, almostEmpty: 0, full: 0, almostFull: 0, overflow: 0, underflow: 0, valid: 1
770: clk: 0, rst_n: 0, wr_en: 1, rd_en: 0, data_in: 77, data_out: 32, count: 12, empty: 0, almostEmpty: 0, full: 0, almostFull: 0, overflow: 0, underflow: 0, valid: 1
775: clk: 1, rst_n: 0, wr_en: 1, rd_en: 0, data_in: 77, data_out: 32, count: 13, empty: 0, almostEmpty: 0, full: 0, almostFull: 0, overflow: 0, underflow: 0, valid: 1
780: clk: 0, rst_n: 0, wr_en: 1, rd_en: 0, data_in: 78, data_out: 32, count: 13, empty: 0, almostEmpty: 0, full: 0, almostFull: 0, overflow: 0, underflow: 0, valid: 1
785: clk: 1, rst_n: 0, wr_en: 1, rd_en: 0, data_in: 78, data_out: 32, count: 14, empty: 0, almostEmpty: 0, full: 0, almostFull: 0, overflow: 0, underflow: 0, valid: 1
790: clk: 0, rst_n: 0, wr_en: 1, rd_en: 0, data_in: 79, data_out: 32, count: 14, empty: 0, almostEmpty: 0, full: 0, almostFull: 0, overflow: 0, underflow: 0, valid: 1
795: clk: 1, rst_n: 0, wr_en: 1, rd_en: 0, data_in: 79, data_out: 32, count: 15, empty: 0, almostEmpty: 0, full: 0, almostFull: 0, overflow: 0, underflow: 0, valid: 1
800: clk: 0, rst_n: 0, wr_en: 1, rd_en: 0, data_in: 80, data_out: 32, count: 15, empty: 0, almostEmpty: 0, full: 0, almostFull: 0, overflow: 0, underflow: 0, valid: 1
805: clk: 1, rst_n: 0, wr_en: 1, rd_en: 0, data_in: 80, data_out: 32, count: 16, empty: 0, almostEmpty: 0, full: 0, almostFull: 0, overflow: 0, underflow: 0, valid: 1
Simulataneous Read and Write for next 16 Clock Cycles
810: clk: 0, rst_n: 0, wr_en: 1, rd_en: 1, data_in: 81, data_out: 32, count: 16, empty: 0, almostEmpty: 0, full: 0, almostFull: 0, overflow: 0, underflow: 0, valid: 1
815: clk: 1, rst_n: 0, wr_en: 1, rd_en: 1, data_in: 81, data_out: 65, count: 16, empty: 0, almostEmpty: 0, full: 0, almostFull: 0, overflow: 0, underflow: 0, valid: 1
820: clk: 0, rst_n: 0, wr_en: 1, rd_en: 1, data_in: 82, data_out: 65, count: 16, empty: 0, almostEmpty: 0, full: 0, almostFull: 0, overflow: 0, underflow: 0, valid: 1
825: clk: 1, rst_n: 0, wr_en: 1, rd_en: 1, data_in: 82, data_out: 66, count: 16, empty: 0, almostEmpty: 0, full: 0, almostFull: 0, overflow: 0, underflow: 0, valid: 1
830: clk: 0, rst_n: 0, wr_en: 1, rd_en: 1, data_in: 83, data_out: 66, count: 16, empty: 0, almostEmpty: 0, full: 0, almostFull: 0, overflow: 0, underflow: 0, valid: 1
835: clk: 1, rst_n: 0, wr_en: 1, rd_en: 1, data_in: 83, data_out: 67, count: 16, empty: 0, almostEmpty: 0, full: 0, almostFull: 0, overflow: 0, underflow: 0, valid: 1
840: clk: 0, rst_n: 0, wr_en: 1, rd_en: 1, data_in: 84, data_out: 67, count: 16, empty: 0, almostEmpty: 0, full: 0, almostFull: 0, overflow: 0, underflow: 0, valid: 1
845: clk: 1, rst_n: 0, wr_en: 1, rd_en: 1, data_in: 84, data_out: 68, count: 16, empty: 0, almostEmpty: 0, full: 0, almostFull: 0, overflow: 0, underflow: 0, valid: 1
850: clk: 0, rst_n: 0, wr_en: 1, rd_en: 1, data_in: 85, data_out: 68, count: 16, empty: 0, almostEmpty: 0, full: 0, almostFull: 0, overflow: 0, underflow: 0, valid: 1
855: clk: 1, rst_n: 0, wr_en: 1, rd_en: 1, data_in: 85, data_out: 69, count: 16, empty: 0, almostEmpty: 0, full: 0, almostFull: 0, overflow: 0, underflow: 0, valid: 1
860: clk: 0, rst_n: 0, wr_en: 1, rd_en: 1, data_in: 86, data_out: 69, count: 16, empty: 0, almostEmpty: 0, full: 0, almostFull: 0, overflow: 0, underflow: 0, valid: 1
865: clk: 1, rst_n: 0, wr_en: 1, rd_en: 1, data_in: 86, data_out: 70, count: 16, empty: 0, almostEmpty: 0, full: 0, almostFull: 0, overflow: 0, underflow: 0, valid: 1
870: clk: 0, rst_n: 0, wr_en: 1, rd_en: 1, data_in: 87, data_out: 70, count: 16, empty: 0, almostEmpty: 0, full: 0, almostFull: 0, overflow: 0, underflow: 0, valid: 1
875: clk: 1, rst_n: 0, wr_en: 1, rd_en: 1, data_in: 87, data_out: 71, count: 16, empty: 0, almostEmpty: 0, full: 0, almostFull: 0, overflow: 0, underflow: 0, valid: 1
880: clk: 0, rst_n: 0, wr_en: 1, rd_en: 1, data_in: 88, data_out: 71, count: 16, empty: 0, almostEmpty: 0, full: 0, almostFull: 0, overflow: 0, underflow: 0, valid: 1
885: clk: 1, rst_n: 0, wr_en: 1, rd_en: 1, data_in: 88, data_out: 72, count: 16, empty: 0, almostEmpty: 0, full: 0, almostFull: 0, overflow: 0, underflow: 0, valid: 1
890: clk: 0, rst_n: 0, wr_en: 1, rd_en: 1, data_in: 89, data_out: 72, count: 16, empty: 0, almostEmpty: 0, full: 0, almostFull: 0, overflow: 0, underflow: 0, valid: 1
895: clk: 1, rst_n: 0, wr_en: 1, rd_en: 1, data_in: 89, data_out: 73, count: 16, empty: 0, almostEmpty: 0, full: 0, almostFull: 0, overflow: 0, underflow: 0, valid: 1
900: clk: 0, rst_n: 0, wr_en: 1, rd_en: 1, data_in: 90, data_out: 73, count: 16, empty: 0, almostEmpty: 0, full: 0, almostFull: 0, overflow: 0, underflow: 0, valid: 1
905: clk: 1, rst_n: 0, wr_en: 1, rd_en: 1, data_in: 90, data_out: 74, count: 16, empty: 0, almostEmpty: 0, full: 0, almostFull: 0, overflow: 0, underflow: 0, valid: 1
910: clk: 0, rst_n: 0, wr_en: 1, rd_en: 1, data_in: 91, data_out: 74, count: 16, empty: 0, almostEmpty: 0, full: 0, almostFull: 0, overflow: 0, underflow: 0, valid: 1
915: clk: 1, rst_n: 0, wr_en: 1, rd_en: 1, data_in: 91, data_out: 75, count: 16, empty: 0, almostEmpty: 0, full: 0, almostFull: 0, overflow: 0, underflow: 0, valid: 1
920: clk: 0, rst_n: 0, wr_en: 1, rd_en: 1, data_in: 92, data_out: 75, count: 16, empty: 0, almostEmpty: 0, full: 0, almostFull: 0, overflow: 0, underflow: 0, valid: 1
925: clk: 1, rst_n: 0, wr_en: 1, rd_en: 1, data_in: 92, data_out: 76, count: 16, empty: 0, almostEmpty: 0, full: 0, almostFull: 0, overflow: 0, underflow: 0, valid: 1
930: clk: 0, rst_n: 0, wr_en: 1, rd_en: 1, data_in: 93, data_out: 76, count: 16, empty: 0, almostEmpty: 0, full: 0, almostFull: 0, overflow: 0, underflow: 0, valid: 1
935: clk: 1, rst_n: 0, wr_en: 1, rd_en: 1, data_in: 93, data_out: 77, count: 16, empty: 0, almostEmpty: 0, full: 0, almostFull: 0, overflow: 0, underflow: 0, valid: 1
940: clk: 0, rst_n: 0, wr_en: 1, rd_en: 1, data_in: 94, data_out: 77, count: 16, empty: 0, almostEmpty: 0, full: 0, almostFull: 0, overflow: 0, underflow: 0, valid: 1
945: clk: 1, rst_n: 0, wr_en: 1, rd_en: 1, data_in: 94, data_out: 78, count: 16, empty: 0, almostEmpty: 0, full: 0, almostFull: 0, overflow: 0, underflow: 0, valid: 1
950: clk: 0, rst_n: 0, wr_en: 1, rd_en: 1, data_in: 95, data_out: 78, count: 16, empty: 0, almostEmpty: 0, full: 0, almostFull: 0, overflow: 0, underflow: 0, valid: 1
955: clk: 1, rst_n: 0, wr_en: 1, rd_en: 1, data_in: 95, data_out: 79, count: 16, empty: 0, almostEmpty: 0, full: 0, almostFull: 0, overflow: 0, underflow: 0, valid: 1
960: clk: 0, rst_n: 0, wr_en: 1, rd_en: 1, data_in: 96, data_out: 79, count: 16, empty: 0, almostEmpty: 0, full: 0, almostFull: 0, overflow: 0, underflow: 0, valid: 1
965: clk: 1, rst_n: 0, wr_en: 1, rd_en: 1, data_in: 96, data_out: 80, count: 16, empty: 0, almostEmpty: 0, full: 0, almostFull: 0, overflow: 0, underflow: 0, valid: 1
970: clk: 0, rst_n: 0, wr_en: 0, rd_en: 1, data_in: 97, data_out: 80, count: 16, empty: 0, almostEmpty: 0, full: 0, almostFull: 0, overflow: 0, underflow: 0, valid: 1
975: clk: 1, rst_n: 0, wr_en: 0, rd_en: 1, data_in: 97, data_out: 81, count: 15, empty: 0, almostEmpty: 0, full: 0, almostFull: 0, overflow: 0, underflow: 0, valid: 1
980: clk: 0, rst_n: 0, wr_en: 0, rd_en: 1, data_in: 98, data_out: 81, count: 15, empty: 0, almostEmpty: 0, full: 0, almostFull: 0, overflow: 0, underflow: 0, valid: 1
985: clk: 1, rst_n: 0, wr_en: 0, rd_en: 1, data_in: 98, data_out: 82, count: 14, empty: 0, almostEmpty: 0, full: 0, almostFull: 0, overflow: 0, underflow: 0, valid: 1
990: clk: 0, rst_n: 0, wr_en: 0, rd_en: 1, data_in: 99, data_out: 82, count: 14, empty: 0, almostEmpty: 0, full: 0, almostFull: 0, overflow: 0, underflow: 0, valid: 1
995: clk: 1, rst_n: 0, wr_en: 0, rd_en: 1, data_in: 99, data_out: 83, count: 13, empty: 0, almostEmpty: 0, full: 0, almostFull: 0, overflow: 0, underflow: 0, valid: 1
1000: clk: 0, rst_n: 0, wr_en: 0, rd_en: 1, data_in: 100, data_out: 83, count: 13, empty: 0, almostEmpty: 0, full: 0, almostFull: 0, overflow: 0, underflow: 0, valid: 1
1005: clk: 1, rst_n: 0, wr_en: 0, rd_en: 1, data_in: 100, data_out: 84, count: 12, empty: 0, almostEmpty: 0, full: 0, almostFull: 0, overflow: 0, underflow: 0, valid: 1
1010: clk: 0, rst_n: 0, wr_en: 0, rd_en: 1, data_in: 101, data_out: 84, count: 12, empty: 0, almostEmpty: 0, full: 0, almostFull: 0, overflow: 0, underflow: 0, valid: 1
1015: clk: 1, rst_n: 0, wr_en: 0, rd_en: 1, data_in: 101, data_out: 85, count: 11, empty: 0, almostEmpty: 0, full: 0, almostFull: 0, overflow: 0, underflow: 0, valid: 1
1020: clk: 0, rst_n: 0, wr_en: 0, rd_en: 1, data_in: 102, data_out: 85, count: 11, empty: 0, almostEmpty: 0, full: 0, almostFull: 0, overflow: 0, underflow: 0, valid: 1
1025: clk: 1, rst_n: 0, wr_en: 0, rd_en: 1, data_in: 102, data_out: 86, count: 10, empty: 0, almostEmpty: 0, full: 0, almostFull: 0, overflow: 0, underflow: 0, valid: 1
1030: clk: 0, rst_n: 0, wr_en: 0, rd_en: 1, data_in: 103, data_out: 86, count: 10, empty: 0, almostEmpty: 0, full: 0, almostFull: 0, overflow: 0, underflow: 0, valid: 1
1035: clk: 1, rst_n: 0, wr_en: 0, rd_en: 1, data_in: 103, data_out: 87, count: 9, empty: 0, almostEmpty: 0, full: 0, almostFull: 0, overflow: 0, underflow: 0, valid: 1
1040: clk: 0, rst_n: 0, wr_en: 0, rd_en: 1, data_in: 104, data_out: 87, count: 9, empty: 0, almostEmpty: 0, full: 0, almostFull: 0, overflow: 0, underflow: 0, valid: 1
1045: clk: 1, rst_n: 0, wr_en: 0, rd_en: 1, data_in: 104, data_out: 88, count: 8, empty: 0, almostEmpty: 0, full: 0, almostFull: 0, overflow: 0, underflow: 0, valid: 1
1050: clk: 0, rst_n: 0, wr_en: 0, rd_en: 1, data_in: 105, data_out: 88, count: 8, empty: 0, almostEmpty: 0, full: 0, almostFull: 0, overflow: 0, underflow: 0, valid: 1
1055: clk: 1, rst_n: 0, wr_en: 0, rd_en: 1, data_in: 105, data_out: 89, count: 7, empty: 0, almostEmpty: 0, full: 0, almostFull: 0, overflow: 0, underflow: 0, valid: 1
1060: clk: 0, rst_n: 0, wr_en: 0, rd_en: 1, data_in: 106, data_out: 89, count: 7, empty: 0, almostEmpty: 0, full: 0, almostFull: 0, overflow: 0, underflow: 0, valid: 1
1065: clk: 1, rst_n: 0, wr_en: 0, rd_en: 1, data_in: 106, data_out: 90, count: 6, empty: 0, almostEmpty: 0, full: 0, almostFull: 0, overflow: 0, underflow: 0, valid: 1
1070: clk: 0, rst_n: 0, wr_en: 0, rd_en: 1, data_in: 107, data_out: 90, count: 6, empty: 0, almostEmpty: 0, full: 0, almostFull: 0, overflow: 0, underflow: 0, valid: 1
1075: clk: 1, rst_n: 0, wr_en: 0, rd_en: 1, data_in: 107, data_out: 91, count: 5, empty: 0, almostEmpty: 0, full: 0, almostFull: 0, overflow: 0, underflow: 0, valid: 1
1080: clk: 0, rst_n: 0, wr_en: 0, rd_en: 1, data_in: 108, data_out: 91, count: 5, empty: 0, almostEmpty: 0, full: 0, almostFull: 0, overflow: 0, underflow: 0, valid: 1
1085: clk: 1, rst_n: 0, wr_en: 0, rd_en: 1, data_in: 108, data_out: 92, count: 4, empty: 0, almostEmpty: 0, full: 0, almostFull: 0, overflow: 0, underflow: 0, valid: 1
1090: clk: 0, rst_n: 0, wr_en: 0, rd_en: 1, data_in: 109, data_out: 92, count: 4, empty: 0, almostEmpty: 0, full: 0, almostFull: 0, overflow: 0, underflow: 0, valid: 1
1095: clk: 1, rst_n: 0, wr_en: 0, rd_en: 1, data_in: 109, data_out: 93, count: 3, empty: 0, almostEmpty: 0, full: 0, almostFull: 0, overflow: 0, underflow: 0, valid: 1
 
Demonstrating All Flags
almostEmpty Flag
1100: clk: 0, rst_n: 0, wr_en: 0, rd_en: 1, data_in: 110, data_out: 93, count: 3, empty: 0, almostEmpty: 0, full: 0, almostFull: 0, overflow: 0, underflow: 0, valid: 1
1105: clk: 1, rst_n: 0, wr_en: 0, rd_en: 1, data_in: 110, data_out: 94, count: 2, empty: 0, almostEmpty: 1, full: 0, almostFull: 0, overflow: 0, underflow: 0, valid: 1
1110: clk: 0, rst_n: 0, wr_en: 0, rd_en: 1, data_in: 111, data_out: 94, count: 2, empty: 0, almostEmpty: 1, full: 0, almostFull: 0, overflow: 0, underflow: 0, valid: 1
1115: clk: 1, rst_n: 0, wr_en: 0, rd_en: 1, data_in: 111, data_out: 95, count: 1, empty: 0, almostEmpty: 1, full: 0, almostFull: 0, overflow: 0, underflow: 0, valid: 1
Empty Flag
1120: clk: 0, rst_n: 0, wr_en: 0, rd_en: 1, data_in: 112, data_out: 95, count: 1, empty: 0, almostEmpty: 1, full: 0, almostFull: 0, overflow: 0, underflow: 0, valid: 1
1125: clk: 1, rst_n: 0, wr_en: 0, rd_en: 1, data_in: 112, data_out: 96, count: 0, empty: 1, almostEmpty: 0, full: 0, almostFull: 0, overflow: 0, underflow: 0, valid: 1
Underflow Flag and Valid Flag
1130: clk: 0, rst_n: 0, wr_en: 0, rd_en: 1, data_in: 113, data_out: 96, count: 0, empty: 1, almostEmpty: 0, full: 0, almostFull: 0, overflow: 0, underflow: 0, valid: 1
1135: clk: 1, rst_n: 0, wr_en: 0, rd_en: 1, data_in: 113, data_out: 96, count: 0, empty: 1, almostEmpty: 0, full: 0, almostFull: 0, overflow: 0, underflow: 1, valid: 0
Writing to FIFO to setup almostFull, Full, and Overflow Flag
1140: clk: 0, rst_n: 0, wr_en: 1, rd_en: 0, data_in: 114, data_out: 96, count: 0, empty: 1, almostEmpty: 0, full: 0, almostFull: 0, overflow: 0, underflow: 1, valid: 0
1145: clk: 1, rst_n: 0, wr_en: 1, rd_en: 0, data_in: 114, data_out: 96, count: 1, empty: 0, almostEmpty: 1, full: 0, almostFull: 0, overflow: 0, underflow: 1, valid: 0
1150: clk: 0, rst_n: 0, wr_en: 1, rd_en: 0, data_in: 115, data_out: 96, count: 1, empty: 0, almostEmpty: 1, full: 0, almostFull: 0, overflow: 0, underflow: 1, valid: 0
1155: clk: 1, rst_n: 0, wr_en: 1, rd_en: 0, data_in: 115, data_out: 96, count: 2, empty: 0, almostEmpty: 1, full: 0, almostFull: 0, overflow: 0, underflow: 1, valid: 0
1160: clk: 0, rst_n: 0, wr_en: 1, rd_en: 0, data_in: 116, data_out: 96, count: 2, empty: 0, almostEmpty: 1, full: 0, almostFull: 0, overflow: 0, underflow: 1, valid: 0
1165: clk: 1, rst_n: 0, wr_en: 1, rd_en: 0, data_in: 116, data_out: 96, count: 3, empty: 0, almostEmpty: 0, full: 0, almostFull: 0, overflow: 0, underflow: 1, valid: 0
1170: clk: 0, rst_n: 0, wr_en: 1, rd_en: 0, data_in: 117, data_out: 96, count: 3, empty: 0, almostEmpty: 0, full: 0, almostFull: 0, overflow: 0, underflow: 1, valid: 0
1175: clk: 1, rst_n: 0, wr_en: 1, rd_en: 0, data_in: 117, data_out: 96, count: 4, empty: 0, almostEmpty: 0, full: 0, almostFull: 0, overflow: 0, underflow: 1, valid: 0
1180: clk: 0, rst_n: 0, wr_en: 1, rd_en: 0, data_in: 118, data_out: 96, count: 4, empty: 0, almostEmpty: 0, full: 0, almostFull: 0, overflow: 0, underflow: 1, valid: 0
1185: clk: 1, rst_n: 0, wr_en: 1, rd_en: 0, data_in: 118, data_out: 96, count: 5, empty: 0, almostEmpty: 0, full: 0, almostFull: 0, overflow: 0, underflow: 1, valid: 0
1190: clk: 0, rst_n: 0, wr_en: 1, rd_en: 0, data_in: 119, data_out: 96, count: 5, empty: 0, almostEmpty: 0, full: 0, almostFull: 0, overflow: 0, underflow: 1, valid: 0
1195: clk: 1, rst_n: 0, wr_en: 1, rd_en: 0, data_in: 119, data_out: 96, count: 6, empty: 0, almostEmpty: 0, full: 0, almostFull: 0, overflow: 0, underflow: 1, valid: 0
1200: clk: 0, rst_n: 0, wr_en: 1, rd_en: 0, data_in: 120, data_out: 96, count: 6, empty: 0, almostEmpty: 0, full: 0, almostFull: 0, overflow: 0, underflow: 1, valid: 0
1205: clk: 1, rst_n: 0, wr_en: 1, rd_en: 0, data_in: 120, data_out: 96, count: 7, empty: 0, almostEmpty: 0, full: 0, almostFull: 0, overflow: 0, underflow: 1, valid: 0
1210: clk: 0, rst_n: 0, wr_en: 1, rd_en: 0, data_in: 121, data_out: 96, count: 7, empty: 0, almostEmpty: 0, full: 0, almostFull: 0, overflow: 0, underflow: 1, valid: 0
1215: clk: 1, rst_n: 0, wr_en: 1, rd_en: 0, data_in: 121, data_out: 96, count: 8, empty: 0, almostEmpty: 0, full: 0, almostFull: 0, overflow: 0, underflow: 1, valid: 0
1220: clk: 0, rst_n: 0, wr_en: 1, rd_en: 0, data_in: 122, data_out: 96, count: 8, empty: 0, almostEmpty: 0, full: 0, almostFull: 0, overflow: 0, underflow: 1, valid: 0
1225: clk: 1, rst_n: 0, wr_en: 1, rd_en: 0, data_in: 122, data_out: 96, count: 9, empty: 0, almostEmpty: 0, full: 0, almostFull: 0, overflow: 0, underflow: 1, valid: 0
1230: clk: 0, rst_n: 0, wr_en: 1, rd_en: 0, data_in: 123, data_out: 96, count: 9, empty: 0, almostEmpty: 0, full: 0, almostFull: 0, overflow: 0, underflow: 1, valid: 0
1235: clk: 1, rst_n: 0, wr_en: 1, rd_en: 0, data_in: 123, data_out: 96, count: 10, empty: 0, almostEmpty: 0, full: 0, almostFull: 0, overflow: 0, underflow: 1, valid: 0
1240: clk: 0, rst_n: 0, wr_en: 1, rd_en: 0, data_in: 124, data_out: 96, count: 10, empty: 0, almostEmpty: 0, full: 0, almostFull: 0, overflow: 0, underflow: 1, valid: 0
1245: clk: 1, rst_n: 0, wr_en: 1, rd_en: 0, data_in: 124, data_out: 96, count: 11, empty: 0, almostEmpty: 0, full: 0, almostFull: 0, overflow: 0, underflow: 1, valid: 0
1250: clk: 0, rst_n: 0, wr_en: 1, rd_en: 0, data_in: 125, data_out: 96, count: 11, empty: 0, almostEmpty: 0, full: 0, almostFull: 0, overflow: 0, underflow: 1, valid: 0
1255: clk: 1, rst_n: 0, wr_en: 1, rd_en: 0, data_in: 125, data_out: 96, count: 12, empty: 0, almostEmpty: 0, full: 0, almostFull: 0, overflow: 0, underflow: 1, valid: 0
1260: clk: 0, rst_n: 0, wr_en: 1, rd_en: 0, data_in: 126, data_out: 96, count: 12, empty: 0, almostEmpty: 0, full: 0, almostFull: 0, overflow: 0, underflow: 1, valid: 0
1265: clk: 1, rst_n: 0, wr_en: 1, rd_en: 0, data_in: 126, data_out: 96, count: 13, empty: 0, almostEmpty: 0, full: 0, almostFull: 0, overflow: 0, underflow: 1, valid: 0
1270: clk: 0, rst_n: 0, wr_en: 1, rd_en: 0, data_in: 127, data_out: 96, count: 13, empty: 0, almostEmpty: 0, full: 0, almostFull: 0, overflow: 0, underflow: 1, valid: 0
1275: clk: 1, rst_n: 0, wr_en: 1, rd_en: 0, data_in: 127, data_out: 96, count: 14, empty: 0, almostEmpty: 0, full: 0, almostFull: 0, overflow: 0, underflow: 1, valid: 0
1280: clk: 0, rst_n: 0, wr_en: 1, rd_en: 0, data_in: 128, data_out: 96, count: 14, empty: 0, almostEmpty: 0, full: 0, almostFull: 0, overflow: 0, underflow: 1, valid: 0
1285: clk: 1, rst_n: 0, wr_en: 1, rd_en: 0, data_in: 128, data_out: 96, count: 15, empty: 0, almostEmpty: 0, full: 0, almostFull: 0, overflow: 0, underflow: 1, valid: 0
1290: clk: 0, rst_n: 0, wr_en: 1, rd_en: 0, data_in: 129, data_out: 96, count: 15, empty: 0, almostEmpty: 0, full: 0, almostFull: 0, overflow: 0, underflow: 1, valid: 0
1295: clk: 1, rst_n: 0, wr_en: 1, rd_en: 0, data_in: 129, data_out: 96, count: 16, empty: 0, almostEmpty: 0, full: 0, almostFull: 0, overflow: 0, underflow: 1, valid: 0
1300: clk: 0, rst_n: 0, wr_en: 1, rd_en: 0, data_in: 130, data_out: 96, count: 16, empty: 0, almostEmpty: 0, full: 0, almostFull: 0, overflow: 0, underflow: 1, valid: 0
1305: clk: 1, rst_n: 0, wr_en: 1, rd_en: 0, data_in: 130, data_out: 96, count: 17, empty: 0, almostEmpty: 0, full: 0, almostFull: 0, overflow: 0, underflow: 1, valid: 0
1310: clk: 0, rst_n: 0, wr_en: 1, rd_en: 0, data_in: 131, data_out: 96, count: 17, empty: 0, almostEmpty: 0, full: 0, almostFull: 0, overflow: 0, underflow: 1, valid: 0
1315: clk: 1, rst_n: 0, wr_en: 1, rd_en: 0, data_in: 131, data_out: 96, count: 18, empty: 0, almostEmpty: 0, full: 0, almostFull: 0, overflow: 0, underflow: 1, valid: 0
1320: clk: 0, rst_n: 0, wr_en: 1, rd_en: 0, data_in: 132, data_out: 96, count: 18, empty: 0, almostEmpty: 0, full: 0, almostFull: 0, overflow: 0, underflow: 1, valid: 0
1325: clk: 1, rst_n: 0, wr_en: 1, rd_en: 0, data_in: 132, data_out: 96, count: 19, empty: 0, almostEmpty: 0, full: 0, almostFull: 0, overflow: 0, underflow: 1, valid: 0
1330: clk: 0, rst_n: 0, wr_en: 1, rd_en: 0, data_in: 133, data_out: 96, count: 19, empty: 0, almostEmpty: 0, full: 0, almostFull: 0, overflow: 0, underflow: 1, valid: 0
1335: clk: 1, rst_n: 0, wr_en: 1, rd_en: 0, data_in: 133, data_out: 96, count: 20, empty: 0, almostEmpty: 0, full: 0, almostFull: 0, overflow: 0, underflow: 1, valid: 0
1340: clk: 0, rst_n: 0, wr_en: 1, rd_en: 0, data_in: 134, data_out: 96, count: 20, empty: 0, almostEmpty: 0, full: 0, almostFull: 0, overflow: 0, underflow: 1, valid: 0
1345: clk: 1, rst_n: 0, wr_en: 1, rd_en: 0, data_in: 134, data_out: 96, count: 21, empty: 0, almostEmpty: 0, full: 0, almostFull: 0, overflow: 0, underflow: 1, valid: 0
1350: clk: 0, rst_n: 0, wr_en: 1, rd_en: 0, data_in: 135, data_out: 96, count: 21, empty: 0, almostEmpty: 0, full: 0, almostFull: 0, overflow: 0, underflow: 1, valid: 0
1355: clk: 1, rst_n: 0, wr_en: 1, rd_en: 0, data_in: 135, data_out: 96, count: 22, empty: 0, almostEmpty: 0, full: 0, almostFull: 0, overflow: 0, underflow: 1, valid: 0
1360: clk: 0, rst_n: 0, wr_en: 1, rd_en: 0, data_in: 136, data_out: 96, count: 22, empty: 0, almostEmpty: 0, full: 0, almostFull: 0, overflow: 0, underflow: 1, valid: 0
1365: clk: 1, rst_n: 0, wr_en: 1, rd_en: 0, data_in: 136, data_out: 96, count: 23, empty: 0, almostEmpty: 0, full: 0, almostFull: 0, overflow: 0, underflow: 1, valid: 0
1370: clk: 0, rst_n: 0, wr_en: 1, rd_en: 0, data_in: 137, data_out: 96, count: 23, empty: 0, almostEmpty: 0, full: 0, almostFull: 0, overflow: 0, underflow: 1, valid: 0
1375: clk: 1, rst_n: 0, wr_en: 1, rd_en: 0, data_in: 137, data_out: 96, count: 24, empty: 0, almostEmpty: 0, full: 0, almostFull: 0, overflow: 0, underflow: 1, valid: 0
1380: clk: 0, rst_n: 0, wr_en: 1, rd_en: 0, data_in: 138, data_out: 96, count: 24, empty: 0, almostEmpty: 0, full: 0, almostFull: 0, overflow: 0, underflow: 1, valid: 0
1385: clk: 1, rst_n: 0, wr_en: 1, rd_en: 0, data_in: 138, data_out: 96, count: 25, empty: 0, almostEmpty: 0, full: 0, almostFull: 0, overflow: 0, underflow: 1, valid: 0
1390: clk: 0, rst_n: 0, wr_en: 1, rd_en: 0, data_in: 139, data_out: 96, count: 25, empty: 0, almostEmpty: 0, full: 0, almostFull: 0, overflow: 0, underflow: 1, valid: 0
1395: clk: 1, rst_n: 0, wr_en: 1, rd_en: 0, data_in: 139, data_out: 96, count: 26, empty: 0, almostEmpty: 0, full: 0, almostFull: 0, overflow: 0, underflow: 1, valid: 0
1400: clk: 0, rst_n: 0, wr_en: 1, rd_en: 0, data_in: 140, data_out: 96, count: 26, empty: 0, almostEmpty: 0, full: 0, almostFull: 0, overflow: 0, underflow: 1, valid: 0
1405: clk: 1, rst_n: 0, wr_en: 1, rd_en: 0, data_in: 140, data_out: 96, count: 27, empty: 0, almostEmpty: 0, full: 0, almostFull: 0, overflow: 0, underflow: 1, valid: 0
1410: clk: 0, rst_n: 0, wr_en: 1, rd_en: 0, data_in: 141, data_out: 96, count: 27, empty: 0, almostEmpty: 0, full: 0, almostFull: 0, overflow: 0, underflow: 1, valid: 0
1415: clk: 1, rst_n: 0, wr_en: 1, rd_en: 0, data_in: 141, data_out: 96, count: 28, empty: 0, almostEmpty: 0, full: 0, almostFull: 0, overflow: 0, underflow: 1, valid: 0
1420: clk: 0, rst_n: 0, wr_en: 1, rd_en: 0, data_in: 142, data_out: 96, count: 28, empty: 0, almostEmpty: 0, full: 0, almostFull: 0, overflow: 0, underflow: 1, valid: 0
1425: clk: 1, rst_n: 0, wr_en: 1, rd_en: 0, data_in: 142, data_out: 96, count: 29, empty: 0, almostEmpty: 0, full: 0, almostFull: 0, overflow: 0, underflow: 1, valid: 0
almostFul Flag
1430: clk: 0, rst_n: 0, wr_en: 1, rd_en: 0, data_in: 143, data_out: 96, count: 29, empty: 0, almostEmpty: 0, full: 0, almostFull: 0, overflow: 0, underflow: 1, valid: 0
1435: clk: 1, rst_n: 0, wr_en: 1, rd_en: 0, data_in: 143, data_out: 96, count: 30, empty: 0, almostEmpty: 0, full: 0, almostFull: 1, overflow: 0, underflow: 1, valid: 0
1440: clk: 0, rst_n: 0, wr_en: 1, rd_en: 0, data_in: 144, data_out: 96, count: 30, empty: 0, almostEmpty: 0, full: 0, almostFull: 1, overflow: 0, underflow: 1, valid: 0
1445: clk: 1, rst_n: 0, wr_en: 1, rd_en: 0, data_in: 144, data_out: 96, count: 31, empty: 0, almostEmpty: 0, full: 0, almostFull: 1, overflow: 0, underflow: 1, valid: 0
Full Flag
1450: clk: 0, rst_n: 0, wr_en: 1, rd_en: 0, data_in: 145, data_out: 96, count: 31, empty: 0, almostEmpty: 0, full: 0, almostFull: 1, overflow: 0, underflow: 1, valid: 0
1455: clk: 1, rst_n: 0, wr_en: 1, rd_en: 0, data_in: 145, data_out: 96, count: 32, empty: 0, almostEmpty: 0, full: 1, almostFull: 0, overflow: 0, underflow: 1, valid: 0
Overflow Flag
1460: clk: 0, rst_n: 0, wr_en: 1, rd_en: 0, data_in: 146, data_out: 96, count: 32, empty: 0, almostEmpty: 0, full: 1, almostFull: 0, overflow: 0, underflow: 1, valid: 0
1465: clk: 1, rst_n: 0, wr_en: 1, rd_en: 0, data_in: 146, data_out: 96, count: 32, empty: 0, almostEmpty: 0, full: 1, almostFull: 0, overflow: 1, underflow: 1, valid: 0
$finish called from file "fifo_tb.v", line 133.
$finish at simulation time                14700
           V C S   S i m u l a t i o n   R e p o r t 
Time: 1470000 ps
CPU Time:      0.220 seconds;       Data structure size:   0.0Mb
Sat May 21 21:46:59 2022
